                                                          Cloudy 17.03
                                                         www.nublado.org

                       **************************************17Jun01**************************************
                       *                                                                                 *
                       * title data 8                                                                    *
                       * set punch prefix "data_8"                                                       *
                       * Blackbody 200000.000000                                                         *
                       * Luminosity = 35.212                                                             *
                       * radius = 11.874                                                                 *
                       * hden = 5.000                                                                    *
                       * filling factor = 1.0                                                            *
                       * stop column denstiy 24                                                          *
                       * Case B                                                                          *
                       * stop temperature off                                                            *
                       * save last radius ".rad"                                                         *
                       * save last continuum ".cont"                                                     *
                       * save last physical conditions ".phy"                                            *
                       * save last overview ".ovr"                                                       *
                       * save last heating ".heat"                                                       *
                       * save last cooling ".cool"                                                       *
                       * save last optical depth ".opd"                                                  *
                       * save last element hydrogen ".ele_H"                                             *
                       * save last element helium ".ele_He"                                              *
                       * save last element carbon ".ele_C"                                               *
                       * save last element nitrogen ".ele_N"                                             *
                       * save last element oxygen ".ele_O"                                               *
                       * save last element argon ".ele_Ar"                                               *
                       * save last element neon ".ele_Ne"                                                *
                       * save last element sulphur ".ele_S"                                              *
                       * save last element chlorin ".ele_Cl"                                             *
                       * save last element iron ".ele_Fe"                                                *
                       * save last element silicon ".ele_Si"                                             *
                       * save last lines emissivity  ".emis"                                             *
                       *                                                                                 *
                       ***********************************************************************************




 NOTE
 NOTE The simulation is going into neutral gas but cosmic rays are not included.
 NOTE Ion-molecule chemistry will not occur without a source of ionization.
 NOTE The chemistry network may collapse deep in molecular regions.
 NOTE Consider adding galactic background cosmic rays with the COSMIC RAYS BACKGROUND command.
 NOTE You may be making a BIG mistake.
 NOTE



 NOTE Setcon: continuum has zero intensity starting at  1.8143e+02 Ryd.
   781 cells in the incident continuum have zero intensity.  Problems???

           8228CellPeak3.58E+00   Lo 3.04e-09=  29.98m   Hi-Con:7.13E+06 Ryd   E(hi):7.35E+06Ryd     E(hi):     100.00 MeV
           L(nu>1ryd):  35.2120   Average nu:3.726E+00   L( X-ray):  31.0757   L(BalC):  33.4794     Q(Balmer C):  44.3074
           Q(1.0-1.8):  44.5471   Q(1.8-4.0):  44.9646   Q(4.0-20):  44.8643   Q(20--):  40.3954     Ion pht flx:2.852E+20
           L(gam ray):   0.0000   Q(gam ray):   0.0000   L(Infred):  31.7831   Alf(ox): -16.5346     Total lumin:  35.2201
           log L/Lsun:   1.6372   Abs bol mg:   0.6497   Abs V mag:   9.1725   Bol cor:  -8.5228     nuFnu(Bbet):  31.8859
           U(1.0----):9.512E+04   U(4.0----):3.470E+04   T(En-Den):3.194E+03   T(Comp):1.916E+05     nuJnu(912A):1.174E+09
           Occ(FarIR):2.706E+01   Occ(H n=6):2.937E-06   Occ(1Ryd):5.412E-08   Occ(4R):2.873E-09     Occ (Nu-hi):0.000E+00
           Tbr(FarIR):1.301E-02   Tbr(H n=6):1.286E-02   Tbr(1Ryd):8.542E-03   Tbr(4R):1.817E-03     Tbr (Nu-hi):0.000E+00
  
                                                  Gas Phase Chemical Composition
        H :  0.0000  He: -1.0000  Li: -8.6904  Be:-10.5800  B : -9.2097  C : -3.6108  N : -4.0701  O : -3.3098  F : -7.5200
        Ne: -4.0000  Na: -5.6696  Mg: -4.4597  Al: -5.5302  Si: -4.4597  P : -6.4949  S : -4.7352  Cl: -6.7190  Ar: -5.6003
        K : -6.8794  Ca: -5.6402  Sc: -8.8297  Ti: -6.9788  V : -8.0000  Cr: -6.3298  Mn: -6.5406  Fe: -4.5498  Co: -7.0799
                                               Ni: -5.7496  Cu: -7.7905  Zn: -7.4001
 
WARNING: no exact matching lines found for "HE 2" 949.310A
Taking best match as "He 2                949.324A"
WARNING: no exact matching lines found for "HE 2" 4859.00A
Taking best match as "He 2                4859.18A"
WARNING: no exact matching lines found for "HE 2" 4339.00A
WARNING: Line with incorrect label found close "O  2                4339.00A"
Taking best match as "He 2                4338.55A"
WARNING: no exact matching lines found for "HE 2" 6529.00A
Taking best match as "He 2                6526.88A"
Possible ambiguity with "He 2                6559.91A"
WARNING: no exact matching lines found for "HE 2" 6560.00A
Taking best match as "He 2                6559.91A"
 ####  1  Te:1.235E+05 Hden:1.000E+05 Ne:1.207E+05 R:7.631E+11 R-R0:1.496E+10 dR:2.993E+10 NTR:  6 Htot:2.550E-13 T912: 1.00e+08###
 P(Lines):(He 2 303.784A 4.36) (H  1 1215.67A 1.28) (He 2 256.317A 1.14) (He 2 243.027A 0.43) (H  1 1025.72A 0.41) (C  5 40.2678A 0.28) (He 2 237.331A 0.19) (H  1 972.537A 0.14) (He 2 234.347A 0.10) (H  1 949.743A 0.06) 
 Hydrogen      1.57e-11 1.00e+00 H+o/Hden 1.00e+00 1.88e-23 H-    H2 2.05e-34 3.92e-25 H2+ HeH+ 6.24e-35 Ho+ ColD 4.71e+04 2.99e+15
 Helium        4.31e-20 3.13e-10 1.00e+00 HeI 2s3S 3.18e-20 Comp H,C 2.35e-13 1.52e-13 Fill Fac 1.00e+00 Gam1/tot 1.00e+00
 He singlet n  9.00e-21 7.98e-22 1.07e-27 5.34e-27 8.43e-28 1.10e-26 He tripl 3.18e-20 6.94e-25 2.13e-26 1.51e-25 3.03e-26
 Pressure      NgasTgas 2.85e+10 P(total) 5.96e-06 P( gas ) 3.94e-06 P(Radtn) 2.03e-06 Rad accl 2.69e+01 ForceMul 1.05e+02
 Texc(La)      7.30e+03 T(I con) 3.10e+03 T(D con) 1.24e+01 T(U tot) 3.10e+03 nT (c+d) 7.52e+08 Prad/Gas 3.40e-01 Pmag/Gas 0.00e+00
 Lithium       6.31e-29 5.56e-18 2.11e-08 1.00e+00 Berylliu 0.00e+00 2.21e-23 1.43e-13 6.20e-06 1.00e+00 sec ion: 0.00e+00
 Boron         0.00e+00 8.81e-25 1.10e-16 1.52e-07 8.38e-03 9.92e-01
 Carbon        0.00e+00 3.00e-26 5.97e-18 3.23e-10 6.02e-02 9.23e-01 1.68e-02 H2O+/O  8.68e-243 OH+/Otot7.84e-240 Hex(tot) 0.00e+00
 Nitrogen      0.00e+00 2.18e-31 7.31e-23 5.39e-15 4.31e-08 9.99e-01 1.15e-03 0.00e+00 O2/Ototl 0.00e+00 O2+/Otot5.02e-292
 Oxygen        0.00e+00 0.00e+00 5.40e-28 3.95e-20 4.09e-13 4.88e-07 1.00e+00 0.00e+00 0.00e+00
 Fluorine      0.00e+00 0.00e+00 2.91e-32 3.91e-24 5.38e-17 7.58e-11 8.10e-06 1.00e+00 0.00e+00 0.00e+00
 Neon          0.00e+00 0.00e+00 4.33e-35 6.21e-27 1.35e-19 2.44e-13 2.85e-08 2.00e-04 1.00e+00 5.47e-20 0.00e+00
 Sodium        0.00e+00 0.00e+00 2.12e-36 5.86e-28 1.36e-20 2.82e-14 3.75e-09 2.31e-05 6.96e-03 9.93e-01 0.00e+00 0.00e+00
 Magnesium     0.00e+00 0.00e+00 0.00e+00 8.55e-28 3.55e-20 8.08e-14 1.22e-08 9.91e-05 3.10e-02 2.62e-01 7.06e-01 0.00e+00 0.00e+00
 Aluminium  0  0.00e+00 0.00e+00 0.00e+00 9.28e-28 7.05e-20 3.82e-13 5.34e-08 4.11e-04 1.06e-01 7.87e-01 1.03e-01 3.58e-03 0.00e+00
 Silicon    0  0.00e+00 0.00e+00 1.43e-35 2.40e-28 1.69e-19 8.81e-13 1.98e-07 1.39e-03 1.75e-01 7.45e-01 7.79e-02 1.71e-04 0.00e+00
 Phosphorus 0  0.00e+00 0.00e+00 1.05e-34 1.58e-27 9.82e-21 1.04e-12 2.66e-07 1.73e-03 2.38e-01 7.25e-01 3.48e-02 3.64e-05 0.00e+00
 Sulphur    0  0.00e+00 0.00e+00 9.70e-35 1.27e-27 8.78e-21 1.11e-14 2.15e-07 1.84e-03 2.87e-01 6.78e-01 3.24e-02 3.16e-05 0.00e+00
 Chlorine   0  0.00e+00 0.00e+00 0.00e+00 1.87e-28 1.14e-21 1.88e-15 7.13e-10 2.40e-03 2.86e-01 6.90e-01 2.07e-02 4.04e-06 0.00e+00
 Argon      0  0.00e+00 0.00e+00 0.00e+00 1.65e-31 7.54e-24 1.60e-17 8.25e-12 7.26e-07 3.89e-01 5.98e-01 1.30e-02 4.09e-06 0.00e+00
 Potassium  0  0.00e+00 0.00e+00 0.00e+00 1.82e-35 9.52e-28 1.20e-20 6.43e-15 6.95e-10 1.29e-05 9.86e-01 1.38e-02 1.71e-06 0.00e+00
 Calcium    0  0.00e+00 0.00e+00 0.00e+00 0.00e+00 3.98e-31 5.73e-24 1.00e-17 1.46e-12 3.76e-08 1.13e-04 1.00e+00 7.59e-05 0.00e+00
 Scandium   0  0.00e+00 0.00e+00 0.00e+00 0.00e+00 5.41e-33 6.27e-26 1.04e-19 4.00e-14 8.79e-10 2.74e-06 1.11e-03 9.99e-01 0.00e+00
 Titanium   0  0.00e+00 0.00e+00 0.00e+00 0.00e+00 1.08e-33 9.79e-27 1.28e-20 5.39e-15 1.69e-10 5.60e-07 2.32e-04 1.24e-02 9.87e-01
 Vanadium   2  0.00e+00 0.00e+00 1.13e-33 2.07e-26 2.05e-20 6.30e-15 2.16e-10 1.35e-06 4.33e-04 3.17e-02 1.46e-01 8.22e-01 7.00e-13
 Chromium   3  0.00e+00 8.46e-34 5.59e-26 1.50e-19 3.30e-14 7.68e-10 5.17e-06 1.51e-03 5.04e-02 6.71e-01 2.05e-01 7.21e-02 1.18e-16
 Manganese  3  0.00e+00 1.54e-33 1.16e-25 7.42e-19 2.24e-13 3.62e-09 1.55e-05 4.70e-03 2.45e-01 5.75e-01 1.73e-01 3.01e-03 5.32e-05
 Iron       3  0.00e+00 8.66e-34 5.78e-26 1.41e-18 2.01e-12 1.41e-07 1.37e-04 1.79e-02 3.05e-01 5.34e-01 1.39e-01 4.44e-03 5.88e-06
 Cobalt     3  0.00e+00 5.22e-35 4.73e-27 4.37e-20 7.71e-14 7.35e-09 6.06e-05 6.35e-03 1.85e-01 7.06e-01 1.02e-01 9.74e-04 1.00e-06
 Nickel     2  0.00e+00 0.00e+00 8.95e-36 1.11e-27 9.59e-21 1.86e-14 2.23e-09 4.09e-05 2.10e-02 3.02e-01 5.90e-01 8.58e-02 7.25e-04
 Copper     2  0.00e+00 0.00e+00 0.00e+00 2.94e-28 3.96e-21 7.18e-15 9.17e-10 1.94e-05 1.36e-02 4.94e-01 4.61e-01 3.11e-02 2.72e-04
 Zinc       2  0.00e+00 0.00e+00 0.00e+00 2.12e-29 2.53e-22 6.71e-16 7.13e-11 1.78e-06 1.50e-03 1.85e-01 7.90e-01 2.40e-02 9.13e-05


 PROBLEM DISASTER - the kinetic temperature, 2.792e+00K, is below the lower limit of the code, 2.800e+00K.
 Consider setting a lowest temperature with the SET TEMPERATURE FLOOR command.
 This calculation is aborting.
 Sorry.

 This is often due to mixing luminosity/intensity commands, having an unphysical SED, or too high a flux of cosmic rays.
 To find the problem, try setting a constant temperature (and STOP ZONE 1), rerun the model, and check the output to find what is happening.




 PROBLEM DISASTER
 An assert has been thrown, this is bad.
 Failed: !conv.lgFirstSweepThisZone
 It happened in the file rt_tau_inc.cpp at line number 50
 This is iteration 1, nzone 1297, fzone 1297.00, lgSearch=F.
 >>> 
 >>> 
 >>> Cosmic rays are not included and the gas is molecular.  THIS IS KNOWN TO BE UNSTABLE.  Add cosmic rays and try again.
 >>> 
 >>>

